============================================================
  Generated by:           Genus(TM) Synthesis Solution 19.13-s073_1
  Generated on:           Mar 07 2024  02:54:17 pm
  Module:                 boundFlasher
  Technology libraries:   slow_1v0 
                          pll 0.0
                          CDK_S128x16 0.0
                          CDK_S256x16 0.0
                          CDK_R512x16 0.0
                          physical_cells 
                          slow_1v0 
                          pll 0.0
                          CDK_S128x16 0.0
                          CDK_S256x16 0.0
                          CDK_R512x16 0.0
                          physical_cells 
  Operating conditions:   slow 
  Interconnect mode:      global
  Area mode:              physical library
============================================================

Timing
--------

Clock Period 
-------------
clk   2900.0 


  Cost    Critical         Violating 
 Group   Path Slack  TNS     Paths   
-------------------------------------
clk             0.0   0.0          0 
default    No paths   0.0            
-------------------------------------
Total                 0.0          0 

Instance Count
--------------
Leaf Instance Count             411 
Physical Instance count           0 
Sequential Instance Count        51 
Combinational Instance Count    360 
Hierarchical Instance Count       0 

Area
----
Cell Area                          1332.996
Physical Cell Area                 0.000
Total Cell Area (Cell+Physical)    1332.996
Net Area                           479.861
Total Area (Cell+Physical+Net)     1812.857

Runtime                            0.0 seconds
Elapsed Runtime                    87 seconds
Genus peak memory usage            1065.00 
Innovus peak memory usage          no_value 
Hostname                           localhost
